<?xml version="1.0" encoding="utf-8"?><testsuites name="pytest tests"><testsuite name="pytest" errors="0" failures="2" skipped="0" tests="6" time="0.845" timestamp="2026-06-27T12:15:56.582387+00:00" hostname="agent-env-ff9133b9-e0f4-4bd3-80f1-eaea764f7ab0"><testcase classname="tests.test_measure_map_per_profile_http" name="test_multi_profile_splits_vinyl_into_three_lines" time="0.432" /><testcase classname="tests.test_measure_map_per_profile_http" name="test_single_profile_keeps_default_mapping" time="0.045" /><testcase classname="tests.test_measure_map_per_profile_http" name="test_legacy_no_breakdown_keeps_default" time="0.042" /><testcase classname="tests.test_measure_map_per_profile_http" name="test_multi_profile_cascades_across_tabs" time="0.053"><failure message="AssertionError: ['38 Series Lap 3/8&quot; x 8&quot; x 16\'', 'Shake', '38 Series Vertical Panel']&#10;assert 3 == 2&#10; +  where 3 = len([{'name': '38 Series Lap 3/8&quot; x 8&quot; x 16\'', 'note': 'Per-elevation breakdown: LAP 1840 ft²', 'qty': 202.4, 'section': 'LP Smart Siding', ...}, {'name': 'Shake', 'note': 'Per-elevation breakdown: SHAKE 168 ft²', 'qty': 18.5, 'section': 'LP Smart Siding', ...}, {'name': '38 Series Vertical Panel', 'note': 'Per-elevation breakdown: BOARD BATTEN 60 ft²', 'qty': 1.9, 'section': 'LP Smart Siding', ...}])">tests/test_measure_map_per_profile_http.py:113: in test_multi_profile_cascades_across_tabs
    assert len(lp) == 2, [l["name"] for l in lp]
E   AssertionError: ['38 Series Lap 3/8" x 8" x 16\'', 'Shake', '38 Series Vertical Panel']
E   assert 3 == 2
E    +  where 3 = len([{'name': '38 Series Lap 3/8" x 8" x 16\'', 'note': 'Per-elevation breakdown: LAP 1840 ft²', 'qty': 202.4, 'section': 'LP Smart Siding', ...}, {'name': 'Shake', 'note': 'Per-elevation breakdown: SHAKE 168 ft²', 'qty': 18.5, 'section': 'LP Smart Siding', ...}, {'name': '38 Series Vertical Panel', 'note': 'Per-elevation breakdown: BOARD BATTEN 60 ft²', 'qty': 1.9, 'section': 'LP Smart Siding', ...}])</failure></testcase><testcase classname="tests.test_measure_map_per_profile_http" name="test_accessories_still_emit_when_multi_profile" time="0.052"><failure message="AssertionError: Charter Oak Standard color Dutch Lap 4.5&quot; .046 | Pelican Bay Shakes 9&quot; | vertical board and batten Standard color 7&quot; | Outside corners Standard color | .019 Coil (1 per 5 Sq Siding) | House Wrap | 2&quot; Nails 30 lbs (1 per 15 Sq) | 1 1/4&quot; Trim Nails | Caulking (per color) | clean up/ haul away job debris&#10;assert ('J-Channel' in 'Charter Oak Standard color Dutch Lap 4.5&quot; .046 | Pelican Bay Shakes 9&quot; | vertical board and batten Standard color 7&quot; | Outside corners Standard color | .019 Coil (1 per 5 Sq Siding) | House Wrap | 2&quot; Nails 30 lbs (1 per 15 Sq) | 1 1/4&quot; Trim Nails | Caulking (per color) | clean up/ haul away job debris' or 'j-channel' in 'charter oak standard color dutch lap 4.5&quot; .046 | pelican bay shakes 9&quot; | vertical board and batten standard color 7&quot; | outside corners standard color | .019 coil (1 per 5 sq siding) | house wrap | 2&quot; nails 30 lbs (1 per 15 sq) | 1 1/4&quot; trim nails | caulking (per color) | clean up/ haul away job debris')&#10; +  where 'charter oak standard color dutch lap 4.5&quot; .046 | pelican bay shakes 9&quot; | vertical board and batten standard color 7&quot; | outside corners standard color | .019 coil (1 per 5 sq siding) | house wrap | 2&quot; nails 30 lbs (1 per 15 sq) | 1 1/4&quot; trim nails | caulking (per color) | clean up/ haul away job debris' = &lt;built-in method lower of str object at 0xf88b5a2f9210&gt;()&#10; +    where &lt;built-in method lower of str object at 0xf88b5a2f9210&gt; = 'Charter Oak Standard color Dutch Lap 4.5&quot; .046 | Pelican Bay Shakes 9&quot; | vertical board and batten Standard color 7&quot; | Outside corners Standard color | .019 Coil (1 per 5 Sq Siding) | House Wrap | 2&quot; Nails 30 lbs (1 per 15 Sq) | 1 1/4&quot; Trim Nails | Caulking (per color) | clean up/ haul away job debris'.lower">tests/test_measure_map_per_profile_http.py:135: in test_accessories_still_emit_when_multi_profile
    assert "J-Channel" in names or "j-channel" in names.lower(), names
E   AssertionError: Charter Oak Standard color Dutch Lap 4.5" .046 | Pelican Bay Shakes 9" | vertical board and batten Standard color 7" | Outside corners Standard color | .019 Coil (1 per 5 Sq Siding) | House Wrap | 2" Nails 30 lbs (1 per 15 Sq) | 1 1/4" Trim Nails | Caulking (per color) | clean up/ haul away job debris
E   assert ('J-Channel' in 'Charter Oak Standard color Dutch Lap 4.5" .046 | Pelican Bay Shakes 9" | vertical board and batten Standard color 7" | Outside corners Standard color | .019 Coil (1 per 5 Sq Siding) | House Wrap | 2" Nails 30 lbs (1 per 15 Sq) | 1 1/4" Trim Nails | Caulking (per color) | clean up/ haul away job debris' or 'j-channel' in 'charter oak standard color dutch lap 4.5" .046 | pelican bay shakes 9" | vertical board and batten standard color 7" | outside corners standard color | .019 coil (1 per 5 sq siding) | house wrap | 2" nails 30 lbs (1 per 15 sq) | 1 1/4" trim nails | caulking (per color) | clean up/ haul away job debris')
E    +  where 'charter oak standard color dutch lap 4.5" .046 | pelican bay shakes 9" | vertical board and batten standard color 7" | outside corners standard color | .019 coil (1 per 5 sq siding) | house wrap | 2" nails 30 lbs (1 per 15 sq) | 1 1/4" trim nails | caulking (per color) | clean up/ haul away job debris' = &lt;built-in method lower of str object at 0xf88b5a2f9210&gt;()
E    +    where &lt;built-in method lower of str object at 0xf88b5a2f9210&gt; = 'Charter Oak Standard color Dutch Lap 4.5" .046 | Pelican Bay Shakes 9" | vertical board and batten Standard color 7" | Outside corners Standard color | .019 Coil (1 per 5 Sq Siding) | House Wrap | 2" Nails 30 lbs (1 per 15 Sq) | 1 1/4" Trim Nails | Caulking (per color) | clean up/ haul away job debris'.lower</failure></testcase><testcase classname="tests.test_measure_map_per_profile_http" name="test_no_double_counting_when_multi_profile" time="0.043" /></testsuite></testsuites>