<?xml version="1.0" encoding="utf-8"?><testsuites name="pytest tests"><testsuite name="pytest" errors="0" failures="0" skipped="0" tests="10" time="0.932" timestamp="2026-06-27T12:30:23.888606+00:00" hostname="agent-env-ff9133b9-e0f4-4bd3-80f1-eaea764f7ab0"><testcase classname="tests.test_gutter_geometry_http" name="test_two_story_hip_roof_downspout_lf" time="0.429" /><testcase classname="tests.test_gutter_geometry_http" name="test_two_story_hip_roof_emits_mitre_pipe_clips_sealant" time="0.055" /><testcase classname="tests.test_gutter_geometry_http" name="test_gable_roof_zero_mitres_but_clips_and_sealant_emit" time="0.045" /><testcase classname="tests.test_gutter_geometry_http" name="test_gable_roof_via_ai_aggregate" time="0.046" /><testcase classname="tests.test_gutter_geometry_http" name="test_zero_eaves_suppresses_all_gutter_accessories" time="0.047" /><testcase classname="tests.test_gutter_geometry_http" name="test_one_story_fallback_downspout_drop" time="0.046" /><testcase classname="tests.test_gutter_geometry_http" name="test_two_story_fallback_downspout_drop" time="0.043" /><testcase classname="tests.test_gutter_geometry_http" name="test_no_height_data_falls_back_to_12" time="0.045" /><testcase classname="tests.test_gutter_geometry_http" name="test_multi_profile_siding_and_gutter_accessories_coexist" time="0.043" /><testcase classname="tests.test_gutter_geometry_http" name="test_l_shaped_house_inside_corner_adds_mitre" time="0.050" /></testsuite></testsuites>