<?xml version="1.0" encoding="utf-8"?><testsuites name="pytest tests"><testsuite name="pytest" errors="0" failures="0" skipped="0" tests="57" time="2.229" timestamp="2026-06-29T00:58:11.197890+00:00" hostname="agent-env-ff9133b9-e0f4-4bd3-80f1-eaea764f7ab0"><testcase classname="tests.test_lp_smartside_formulas" name="test_is_enabled_default_off" time="0.000" /><testcase classname="tests.test_lp_smartside_formulas" name="test_is_enabled_on" time="0.000" /><testcase classname="tests.test_lp_smartside_formulas" name="test_lap_coverage_default_is_8_inch" time="0.000" /><testcase classname="tests.test_lp_smartside_formulas" name="test_soffit_default_is_16_inch" time="0.000" /><testcase classname="tests.test_lp_smartside_formulas" name="test_shake_default_reveal_is_7_inches" time="0.000" /><testcase classname="tests.test_lp_smartside_formulas" name="test_shake_reveal_clamps_to_pdf_bounds" time="0.000" /><testcase classname="tests.test_lp_smartside_formulas" name="test_nickel_gap_fixed_coverage" time="0.000" /><testcase classname="tests.test_lp_smartside_formulas" name="test_lap_pieces_applies_10pct_waste_and_round_up" time="0.000" /><testcase classname="tests.test_lp_smartside_formulas" name="test_shake_pieces_at_7in_reveal" time="0.000" /><testcase classname="tests.test_lp_smartside_formulas" name="test_bb_panel_pieces_uses_40_sqft" time="0.000" /><testcase classname="tests.test_lp_smartside_formulas" name="test_batten_pieces_default_16_inch_oc" time="0.000" /><testcase classname="tests.test_lp_smartside_formulas" name="test_batten_pieces_24_inch_oc_uses_50_lf" time="0.000" /><testcase classname="tests.test_lp_smartside_formulas" name="test_batten_pieces_12_inch_oc_doubles_lf" time="0.000" /><testcase classname="tests.test_lp_smartside_formulas" name="test_shake_540_bump_two_pieces_per_100sqft" time="0.000" /><testcase classname="tests.test_lp_smartside_formulas" name="test_legacy_lp_lap_when_flag_off" time="0.000" /><testcase classname="tests.test_lp_smartside_formulas" name="test_lp_lap_uses_pdf_formula_when_flag_on" time="0.000" /><testcase classname="tests.test_lp_smartside_formulas" name="test_per_profile_lp_shake_qty_with_flag_on" time="0.000" /><testcase classname="tests.test_lp_smartside_formulas" name="test_per_profile_lp_shake_qty_with_flag_off" time="0.000" /><testcase classname="tests.test_lp_smartside_formulas" name="test_540_series_includes_shake_bump_when_flag_on" time="0.000" /><testcase classname="tests.test_lp_smartside_formulas" name="test_540_series_no_bump_when_flag_off" time="0.000" /><testcase classname="tests.test_lp_smartside_formulas" name="test_190_series_battens_only_emitted_when_bb_present_and_flag_on" time="0.000" /><testcase classname="tests.test_lp_smartside_formulas" name="test_190_series_battens_skipped_when_flag_off" time="0.000" /><testcase classname="tests.test_lp_smartside_formulas" name="test_190_series_battens_skipped_when_no_bb_profile" time="0.000" /><testcase classname="tests.test_lp_smartside_formulas" name="test_lp_profile_sku_entry_falls_back_when_flag_off" time="0.000" /><testcase classname="tests.test_lp_smartside_formulas" name="test_lp_profile_sku_entry_returns_pdf_values_when_flag_on" time="0.000" /><testcase classname="tests.test_lp_smartside_formulas" name="test_pdf_defaults_match_howards_spec" time="0.000" /><testcase classname="tests.test_profile_siding_lines" name="test_single_profile_keeps_default_mapping" time="0.000" /><testcase classname="tests.test_profile_siding_lines" name="test_no_breakdown_keeps_default_mapping" time="0.000" /><testcase classname="tests.test_profile_siding_lines" name="test_multi_profile_emits_one_line_per_family_per_tab" time="0.000" /><testcase classname="tests.test_profile_siding_lines" name="test_build_lines_skips_default_when_multi_profile" time="0.000" /><testcase classname="tests.test_profile_siding_lines" name="test_lp_uses_pcs_unit_with_correct_conversion" time="0.000" /><testcase classname="tests.test_profile_siding_lines" name="test_stone_brick_excluded_from_siding_lines" time="0.000" /><testcase classname="tests.test_profile_siding_lines" name="test_zero_or_negative_sqft_skipped" time="0.000" /><testcase classname="tests.test_profile_siding_lines" name="test_unknown_family_silently_skipped" time="0.000" /><testcase classname="tests.test_j_channel_formula" name="test_typical_house_with_entry_door" time="0.000" /><testcase classname="tests.test_j_channel_formula" name="test_house_with_garage_door" time="0.000" /><testcase classname="tests.test_j_channel_formula" name="test_zero_inputs" time="0.000" /><testcase classname="tests.test_j_channel_formula" name="test_rounds_up_not_to_nearest" time="0.000" /><testcase classname="tests.test_j_channel_formula" name="test_entry_door_subtraction_clamped_at_zero" time="0.000" /><testcase classname="tests.test_j_channel_formula" name="test_only_rakes" time="0.000" /><testcase classname="tests.test_j_channel_formula" name="test_letrick_reconciliation" time="0.000" /><testcase classname="tests.test_gutter_geometry" name="test_downspout_drop_uses_avg_wall_height" time="0.000" /><testcase classname="tests.test_gutter_geometry" name="test_downspout_drop_falls_back_to_story_count" time="0.000" /><testcase classname="tests.test_gutter_geometry" name="test_downspout_drop_final_fallback" time="0.000" /><testcase classname="tests.test_gutter_geometry" name="test_downspout_lf_two_story_doubles_one_story" time="0.000" /><testcase classname="tests.test_gutter_geometry" name="test_downspout_zero_when_no_eaves" time="0.000" /><testcase classname="tests.test_gutter_geometry" name="test_mitre_count_gable_roof_zero_outside" time="0.000" /><testcase classname="tests.test_gutter_geometry" name="test_mitre_count_hip_roof_wraps" time="0.000" /><testcase classname="tests.test_gutter_geometry" name="test_mitre_count_l_shaped_house_with_inside_corner" time="0.000" /><testcase classname="tests.test_gutter_geometry" name="test_gutter_corner_count_basic" time="0.000" /><testcase classname="tests.test_gutter_geometry" name="test_pipe_clips_two_story_more_than_one_story" time="0.000" /><testcase classname="tests.test_gutter_geometry" name="test_pipe_clips_zero_when_no_downspouts" time="0.000" /><testcase classname="tests.test_gutter_geometry" name="test_sealant_count_gable_house" time="0.000" /><testcase classname="tests.test_gutter_geometry" name="test_sealant_zero_when_no_eaves" time="0.000" /><testcase classname="tests.test_gutter_geometry" name="test_build_lines_emits_new_gutter_accessories" time="0.000" /><testcase classname="tests.test_gutter_geometry" name="test_build_lines_skips_gutter_accessories_when_no_eaves" time="0.000" /><testcase classname="tests.test_gutter_geometry" name="test_build_lines_gable_house_emits_no_mitres_but_does_emit_clips" time="0.000" /></testsuite></testsuites>