<?xml version="1.0" encoding="utf-8"?><testsuites name="pytest tests"><testsuite name="pytest" errors="0" failures="0" skipped="0" tests="12" time="1.617" timestamp="2026-06-29T00:57:59.878089+00:00" hostname="agent-env-ff9133b9-e0f4-4bd3-80f1-eaea764f7ab0"><testcase classname="tests.test_lp_admin_preview_http.TestPresetsCatalog" name="test_presets_returns_4_known_keys" time="0.149" /><testcase classname="tests.test_lp_admin_preview_http.TestPresetsCatalog" name="test_presets_403_when_token_missing" time="0.140" /><testcase classname="tests.test_lp_admin_preview_http.TestPresetsCatalog" name="test_presets_403_when_token_wrong" time="0.110" /><testcase classname="tests.test_lp_admin_preview_http.TestPreviewDiff" name="test_campbell_response_shape" time="0.113" /><testcase classname="tests.test_lp_admin_preview_http.TestPreviewDiff" name="test_campbell_lap_pdf_qty_greater" time="0.140" /><testcase classname="tests.test_lp_admin_preview_http.TestPreviewDiff" name="test_campbell_shake_pdf_3x_legacy" time="0.102" /><testcase classname="tests.test_lp_admin_preview_http.TestPreviewDiff" name="test_bb_heavy_emits_190_series_batten" time="0.094" /><testcase classname="tests.test_lp_admin_preview_http.TestPreviewDiff" name="test_invalid_preset_400" time="0.106" /><testcase classname="tests.test_lp_admin_preview_http.TestPreviewDiff" name="test_empty_body_400" time="0.104" /><testcase classname="tests.test_lp_admin_preview_http.TestPreviewDiff" name="test_flag_default_off" time="0.101" /><testcase classname="tests.test_lp_admin_preview_http.TestPreviewDiff" name="test_403_without_token" time="0.096" /><testcase classname="tests.test_lp_admin_preview_http.TestPreviewDiff" name="test_shake_heavy_differs_from_campbell" time="0.207" /></testsuite></testsuites>