<?xml version="1.0" encoding="utf-8"?><testsuites name="pytest tests"><testsuite name="pytest" errors="0" failures="0" skipped="0" tests="17" time="1.657" timestamp="2026-06-05T13:32:56.550861+00:00" hostname="agent-env-ff9133b9-e0f4-4bd3-80f1-eaea764f7ab0"><testcase classname="tests.test_iteration34_siding_split.TestAuth" name="test_login_returns_200_with_cookie" time="0.501" /><testcase classname="tests.test_iteration34_siding_split.TestAuth" name="test_me_after_login" time="0.396" /><testcase classname="tests.test_iteration34_siding_split.TestVinylSidingSection" name="test_section_present_and_27_items" time="0.070" /><testcase classname="tests.test_iteration34_siding_split.TestVinylSidingSection" name="test_expected_variant_names_present" time="0.000" /><testcase classname="tests.test_iteration34_siding_split.TestVinylSidingSection" name="test_siding_profile_lab_is_125_and_mat_nonzero" time="0.000" /><testcase classname="tests.test_iteration34_siding_split.TestSidingAccessoriesSection" name="test_22_items" time="0.000" /><testcase classname="tests.test_iteration34_siding_split.TestSidingAccessoriesSection" name="test_new_color_variants_present" time="0.000" /><testcase classname="tests.test_iteration34_siding_split.TestSidingAccessoriesSection" name="test_old_single_variant_names_removed" time="0.000" /><testcase classname="tests.test_iteration34_siding_split.TestVinylSoffitSection" name="test_16_items" time="0.000" /><testcase classname="tests.test_iteration34_siding_split.TestVinylSoffitSection" name="test_charter_oak_soffit_variants" time="0.000" /><testcase classname="tests.test_iteration34_siding_split.TestUpchargeRemoved" name="test_no_arch_color_upcharge_anywhere" time="0.000" /><testcase classname="tests.test_iteration34_siding_split.TestTierPrices" name="test_admin_tiers_requires_token" time="0.121" /><testcase classname="tests.test_iteration34_siding_split.TestTierPrices" name="test_charter_oak_standard_clap_prices" time="0.186" /><testcase classname="tests.test_iteration34_siding_split.TestAMIPartNumbers" name="test_charter_oak_ami_present" time="0.000" /><testcase classname="tests.test_iteration34_siding_split.TestEstimateRoundTrip" name="test_create_estimate_with_new_variant_item" time="0.149" /><testcase classname="tests.test_iteration34_siding_split.TestEstimateRoundTrip" name="test_list_estimates_does_not_error_on_legacy_lines" time="0.049" /><testcase classname="tests.test_iteration34_siding_split.TestHoverImporter" name="test_endpoint_accepts_file_upload" time="0.052" /></testsuite></testsuites>