<?xml version="1.0" encoding="utf-8"?><testsuites name="pytest tests"><testsuite name="pytest" errors="0" failures="0" skipped="0" tests="21" time="5.568" timestamp="2026-05-23T12:49:42.353444+00:00" hostname="agent-env-ff9133b9-e0f4-4bd3-80f1-eaea764f7ab0"><testcase classname="backend.tests.test_estimator_api.TestAuthAndCompany" name="test_root" time="0.280" /><testcase classname="backend.tests.test_estimator_api.TestAuthAndCompany" name="test_register_with_company_name_creates_company" time="0.471" /><testcase classname="backend.tests.test_estimator_api.TestAuthAndCompany" name="test_register_with_invite_code_joins_company" time="0.914" /><testcase classname="backend.tests.test_estimator_api.TestAuthAndCompany" name="test_register_with_bad_invite_code" time="0.129" /><testcase classname="backend.tests.test_estimator_api.TestAuthAndCompany" name="test_admin_login_has_company_and_owner_role" time="0.552" /><testcase classname="backend.tests.test_estimator_api.TestAuthAndCompany" name="test_login_wrong_password" time="0.372" /><testcase classname="backend.tests.test_estimator_api.TestAuthAndCompany" name="test_estimates_requires_auth" time="0.118" /><testcase classname="backend.tests.test_estimator_api.TestAuthAndCompany" name="test_company_requires_auth" time="0.103" /><testcase classname="backend.tests.test_estimator_api.TestCatalogPerCompany" name="test_catalog_isolated_between_companies" time="0.714" /><testcase classname="backend.tests.test_estimator_api.TestEstimatesMultiTenant" name="test_misc_lines_roundtrip" time="0.154" /><testcase classname="backend.tests.test_estimator_api.TestEstimatesMultiTenant" name="test_same_company_users_see_each_other" time="0.552" /><testcase classname="backend.tests.test_estimator_api.TestEstimatesMultiTenant" name="test_cross_company_isolation" time="0.215" /><testcase classname="backend.tests.test_estimator_api.TestCSVExports" name="test_dashboard_csv" time="0.057" /><testcase classname="backend.tests.test_estimator_api.TestCSVExports" name="test_per_estimate_csv" time="0.050" /><testcase classname="backend.tests.test_estimator_api.TestCSVExports" name="test_per_estimate_csv_cross_company_404" time="0.054" /><testcase classname="backend.tests.test_estimator_api.TestCSVExports" name="test_legacy_export_path_removed" time="0.052" /><testcase classname="backend.tests.test_estimator_api.TestEmail" name="test_email_status_configured" time="0.045" /><testcase classname="backend.tests.test_estimator_api.TestEmail" name="test_email_send_requires_auth" time="0.113" /><testcase classname="backend.tests.test_estimator_api.TestEmail" name="test_email_send_missing_estimate_404" time="0.050" /><testcase classname="backend.tests.test_estimator_api.TestUploads" name="test_upload_and_serve" time="0.255" /><testcase classname="backend.tests.test_estimator_api.TestCleanup" name="test_delete_test_estimate" time="0.053" /></testsuite></testsuites>